2021-04-14T07:18:43.940241-00:00 0 [System] [MY-013169] [Server] /usr/sbin/mysqld (mysqld 8.0.23) initializing of server in progress as process 47
2021-04-14T07:18:43.954697-00:00 1 [System] [MY-013576] [InnoDB] InnoDB initialization has started.
2021-04-14T07:18:44.592532-00:00 1 [System] [MY-013577] [InnoDB] InnoDB initialization has ended.
2021-04-14T07:18:46.525251-00:00 6 [Warning] [MY-010453] [Server] root@localhost is created with an empty password ! Please consider switching off the --initialize-insecure option.
2021-04-14T07:19:05.632786-00:00 0 [System] [MY-010116] [Server] /usr/sbin/mysqld (mysqld 8.0.23) starting as process 92
2021-04-14T07:19:05.672270-00:00 1 [System] [MY-013576] [InnoDB] InnoDB initialization has started.
2021-04-14T07:19:05.961883-00:00 1 [System] [MY-013577] [InnoDB] InnoDB initialization has ended.
2021-04-14T07:19:06.127212-00:00 0 [System] [MY-011323] [Server] X Plugin ready for connections. Socket: /var/run/mysqld/mysqlx.sock
2021-04-14T07:19:06.423669-00:00 0 [Warning] [MY-010068] [Server] CA certificate ca.pem is self signed.
2021-04-14T07:19:06.424835-00:00 0 [System] [MY-013602] [Server] Channel mysql_main configured to support TLS. Encrypted connections are now supported for this channel.
2021-04-14T07:19:06.427962-00:00 0 [Warning] [MY-011810] [Server] Insecure configuration for --pid-file: Location '/var/run/mysqld' in the path is accessible to all OS users. Consider choosing a different directory.
2021-04-14T07:19:06.471477-00:00 0 [System] [MY-010931] [Server] /usr/sbin/mysqld: ready for connections. Version: '8.0.23'  socket: '/var/run/mysqld/mysqld.sock'  port: 0  MySQL Community Server - GPL.
2021-04-14T07:19:27.172403-00:00 13 [System] [MY-013172] [Server] Received SHUTDOWN from user root. Shutting down mysqld (Version: 8.0.23).
2021-04-14T07:19:28.816622-00:00 0 [System] [MY-010910] [Server] /usr/sbin/mysqld: Shutdown complete (mysqld 8.0.23)  MySQL Community Server - GPL.
2021-04-14T07:19:29.439470-00:00 0 [System] [MY-010116] [Server] /usr/sbin/mysqld (mysqld 8.0.23) starting as process 1
2021-04-14T07:19:29.453625-00:00 1 [System] [MY-013576] [InnoDB] InnoDB initialization has started.
2021-04-14T07:19:29.669167-00:00 1 [System] [MY-013577] [InnoDB] InnoDB initialization has ended.
2021-04-14T07:19:29.793557-00:00 0 [System] [MY-011323] [Server] X Plugin ready for connections. Bind-address: '::' port: 33060, socket: /var/run/mysqld/mysqlx.sock
2021-04-14T07:19:29.941246-00:00 0 [Warning] [MY-010068] [Server] CA certificate ca.pem is self signed.
2021-04-14T07:19:29.942593-00:00 0 [System] [MY-013602] [Server] Channel mysql_main configured to support TLS. Encrypted connections are now supported for this channel.
2021-04-14T07:19:29.946338-00:00 0 [Warning] [MY-011810] [Server] Insecure configuration for --pid-file: Location '/var/run/mysqld' in the path is accessible to all OS users. Consider choosing a different directory.
2021-04-14T07:19:29.976898-00:00 0 [System] [MY-010931] [Server] /usr/sbin/mysqld: ready for connections. Version: '8.0.23'  socket: '/var/run/mysqld/mysqld.sock'  port: 3306  MySQL Community Server - GPL.
2021-04-14T07:19:49.134347-00:00 0 [System] [MY-013172] [Server] Received SHUTDOWN from user <via user signal>. Shutting down mysqld (Version: 8.0.23).
2021-04-14T07:19:50.329089-00:00 0 [System] [MY-010910] [Server] /usr/sbin/mysqld: Shutdown complete (mysqld 8.0.23)  MySQL Community Server - GPL.
2021-04-14T07:19:54.760667-00:00 0 [System] [MY-010116] [Server] /usr/sbin/mysqld (mysqld 8.0.23) starting as process 1
2021-04-14T07:19:54.773704-00:00 1 [System] [MY-013576] [InnoDB] InnoDB initialization has started.
2021-04-14T07:19:54.997829-00:00 1 [System] [MY-013577] [InnoDB] InnoDB initialization has ended.
2021-04-14T07:19:55.119981-00:00 0 [System] [MY-011323] [Server] X Plugin ready for connections. Bind-address: '::' port: 33060, socket: /var/run/mysqld/mysqlx.sock
2021-04-14T07:19:55.189510-00:00 0 [Warning] [MY-010068] [Server] CA certificate ca.pem is self signed.
2021-04-14T07:19:55.190736-00:00 0 [System] [MY-013602] [Server] Channel mysql_main configured to support TLS. Encrypted connections are now supported for this channel.
2021-04-14T07:19:55.194674-00:00 0 [Warning] [MY-011810] [Server] Insecure configuration for --pid-file: Location '/var/run/mysqld' in the path is accessible to all OS users. Consider choosing a different directory.
2021-04-14T07:19:55.227149-00:00 0 [System] [MY-010931] [Server] /usr/sbin/mysqld: ready for connections. Version: '8.0.23'  socket: '/var/run/mysqld/mysqld.sock'  port: 3306  MySQL Community Server - GPL.
